<?xml version="1.0" encoding="UTF-8"?>
<!-- Generated by org.testng.reporters.JUnitReportReporter -->
<testsuite skipped="0" hostname="DESKTOP-SFSL412" name="cucumberRunner.testRunnerCucmber" tests="1" failures="0" timestamp="01 Jun 2020 11:28:29 GMT" time="36.242" errors="0">
  <testcase name="feature" time="36.242" classname="cucumberRunner.testRunnerCucmber"/>
</testsuite> <!-- cucumberRunner.testRunnerCucmber -->
