<?xml version="1.0" encoding="UTF-8"?>
<!-- Generated by org.testng.reporters.JUnitReportReporter -->
<testsuite skipped="0" hostname="DESKTOP-SFSL412" name="cucumberRunner.testRunnerCucmber" tests="1" failures="0" timestamp="31 May 2020 14:50:24 GMT" time="51.960" errors="0">
  <testcase name="feature" time="51.960" classname="cucumberRunner.testRunnerCucmber"/>
</testsuite> <!-- cucumberRunner.testRunnerCucmber -->
