<?xml version="1.0" encoding="UTF-8"?>
<!-- Generated by org.testng.reporters.JUnitReportReporter -->
<testsuite skipped="0" hostname="DESKTOP-SFSL412" name="cucumberRunner.testRunnerCucmber" tests="1" failures="0" timestamp="07 Jun 2020 15:28:12 GMT" time="48.074" errors="0">
  <testcase name="feature" time="48.074" classname="cucumberRunner.testRunnerCucmber"/>
</testsuite> <!-- cucumberRunner.testRunnerCucmber -->
