<?xml version="1.0" encoding="UTF-8"?>
<!-- Generated by org.testng.reporters.JUnitReportReporter -->
<testsuite skipped="0" hostname="DESKTOP-SFSL412" name="OneProject.E2EProject.HomePage" tests="1" failures="0" timestamp="13 May 2020 08:21:47 GMT" time="17.802" errors="0">
  <testcase name="basePageNavigation" time="17.802" classname="OneProject.E2EProject.HomePage"/>
</testsuite> <!-- OneProject.E2EProject.HomePage -->
