<?xml version="1.0" encoding="UTF-8"?>
<!-- Generated by org.testng.reporters.JUnitReportReporter -->
<testsuite skipped="0" hostname="DESKTOP-SFSL412" name="jqueryTestCases.jqHomeTestCases" tests="2" failures="0" timestamp="24 May 2020 10:59:05 GMT" time="3.731" errors="0">
  <testcase name="DragDropTC1" time="0.346" classname="jqueryTestCases.jqHomeTestCases"/>
  <testcase name="acceptLinkFuncTC2" time="3.385" classname="jqueryTestCases.jqHomeTestCases"/>
</testsuite> <!-- jqueryTestCases.jqHomeTestCases -->
