<?xml version="1.0" encoding="UTF-8"?>
<!-- Generated by org.testng.reporters.JUnitReportReporter -->
<testsuite skipped="0" hostname="DESKTOP-SFSL412" name="OneProject.E2EProject.LoginTC" tests="1" failures="0" timestamp="17 May 2020 14:06:32 GMT" time="88.251" errors="0">
  <testcase name="basePageNavigation" time="88.251" classname="OneProject.E2EProject.LoginTC"/>
</testsuite> <!-- OneProject.E2EProject.LoginTC -->
